<?xml version="1.0" encoding="UTF-8"?>
<testng-results skipped="0" failed="0" total="1" passed="1">
  <reporter-output>
  </reporter-output>
  <suite name="Default suite" duration-ms="39928" started-at="2017-09-08T03:35:05Z" finished-at="2017-09-08T03:35:45Z">
    <groups>
    </groups>
    <test name="Default test" duration-ms="39928" started-at="2017-09-08T03:35:05Z" finished-at="2017-09-08T03:35:45Z">
      <class name="com.testscript.arjun">
        <test-method status="PASS" signature="setup()[pri:0, instance:com.testscript.arjun@1bce4f0a]" name="setup" is-config="true" duration-ms="14441" started-at="2017-09-08T09:05:05Z" finished-at="2017-09-08T09:05:19Z">
          <reporter-output>
          </reporter-output>
        </test-method> <!-- setup -->
        <test-method status="PASS" signature="Registration()[pri:0, instance:com.testscript.arjun@1bce4f0a]" name="Registration" duration-ms="22578" started-at="2017-09-08T09:05:19Z" finished-at="2017-09-08T09:05:42Z">
          <reporter-output>
          </reporter-output>
        </test-method> <!-- Registration -->
        <test-method status="PASS" signature="teardown()[pri:0, instance:com.testscript.arjun@1bce4f0a]" name="teardown" is-config="true" duration-ms="2846" started-at="2017-09-08T09:05:42Z" finished-at="2017-09-08T09:05:45Z">
          <reporter-output>
          </reporter-output>
        </test-method> <!-- teardown -->
      </class> <!-- com.testscript.arjun -->
    </test> <!-- Default test -->
  </suite> <!-- Default suite -->
</testng-results>
